{"C:\\Users\\rayfl\\OneDrive\\Documents\\Software_Development\\Habit_Tracker_App\\src\\lib\\constants.ts": {"path":"C:\\Users\\rayfl\\OneDrive\\Documents\\Software_Development\\Habit_Tracker_App\\src\\lib\\constants.ts","all":false,"statementMap":{"0":{"start":{"line":1,"column":0},"end":{"line":1,"column":29}},"1":{"start":{"line":2,"column":0},"end":{"line":2,"column":31}},"2":{"start":{"line":3,"column":0},"end":{"line":3,"column":35}},"3":{"start":{"line":4,"column":0},"end":{"line":4,"column":33}},"4":{"start":{"line":5,"column":0},"end":{"line":5,"column":11}},"5":{"start":{"line":6,"column":0},"end":{"line":6,"column":0}},"6":{"start":{"line":7,"column":0},"end":{"line":7,"column":73}}},"s":{"0":1,"1":1,"2":1,"3":1,"4":1,"5":1,"6":1},"branchMap":{},"b":{},"fnMap":{},"f":{}}
,"C:\\Users\\rayfl\\OneDrive\\Documents\\Software_Development\\Habit_Tracker_App\\src\\lib\\slug.ts": {"path":"C:\\Users\\rayfl\\OneDrive\\Documents\\Software_Development\\Habit_Tracker_App\\src\\lib\\slug.ts","all":false,"statementMap":{"0":{"start":{"line":1,"column":0},"end":{"line":1,"column":52}},"1":{"start":{"line":2,"column":0},"end":{"line":2,"column":13}},"2":{"start":{"line":3,"column":0},"end":{"line":3,"column":18}},"3":{"start":{"line":4,"column":0},"end":{"line":4,"column":11}},"4":{"start":{"line":5,"column":0},"end":{"line":5,"column":97}},"5":{"start":{"line":6,"column":0},"end":{"line":6,"column":80}},"6":{"start":{"line":7,"column":0},"end":{"line":7,"column":74}},"7":{"start":{"line":8,"column":0},"end":{"line":8,"column":1}}},"s":{"0":1,"1":3,"2":3,"3":3,"4":3,"5":3,"6":3,"7":3},"branchMap":{"0":{"type":"branch","line":1,"loc":{"start":{"line":1,"column":7},"end":{"line":8,"column":1}},"locations":[{"start":{"line":1,"column":7},"end":{"line":8,"column":1}}]}},"b":{"0":[3]},"fnMap":{"0":{"name":"getHabitSlug","decl":{"start":{"line":1,"column":7},"end":{"line":8,"column":1}},"loc":{"start":{"line":1,"column":7},"end":{"line":8,"column":1}},"line":1}},"f":{"0":3}}
,"C:\\Users\\rayfl\\OneDrive\\Documents\\Software_Development\\Habit_Tracker_App\\src\\lib\\storage.ts": {"path":"C:\\Users\\rayfl\\OneDrive\\Documents\\Software_Development\\Habit_Tracker_App\\src\\lib\\storage.ts","all":false,"statementMap":{"0":{"start":{"line":1,"column":0},"end":{"line":1,"column":46}},"1":{"start":{"line":2,"column":0},"end":{"line":2,"column":39}},"2":{"start":{"line":3,"column":0},"end":{"line":3,"column":43}},"3":{"start":{"line":4,"column":0},"end":{"line":4,"column":0}},"4":{"start":{"line":5,"column":0},"end":{"line":5,"column":47}},"5":{"start":{"line":6,"column":0},"end":{"line":6,"column":52}},"6":{"start":{"line":7,"column":0},"end":{"line":7,"column":74}},"7":{"start":{"line":8,"column":0},"end":{"line":8,"column":88}},"8":{"start":{"line":9,"column":0},"end":{"line":9,"column":2}},"9":{"start":{"line":10,"column":0},"end":{"line":10,"column":7}},"10":{"start":{"line":11,"column":0},"end":{"line":11,"column":43}},"11":{"start":{"line":12,"column":0},"end":{"line":12,"column":42}},"12":{"start":{"line":13,"column":0},"end":{"line":13,"column":19}},"13":{"start":{"line":14,"column":0},"end":{"line":14,"column":16}},"14":{"start":{"line":15,"column":0},"end":{"line":15,"column":3}},"15":{"start":{"line":16,"column":0},"end":{"line":16,"column":2}},"16":{"start":{"line":17,"column":0},"end":{"line":17,"column":0}},"17":{"start":{"line":18,"column":0},"end":{"line":18,"column":45}},"18":{"start":{"line":19,"column":0},"end":{"line":19,"column":57}},"19":{"start":{"line":20,"column":0},"end":{"line":20,"column":77}},"20":{"start":{"line":21,"column":0},"end":{"line":21,"column":52}},"21":{"start":{"line":22,"column":0},"end":{"line":22,"column":3}},"22":{"start":{"line":23,"column":0},"end":{"line":23,"column":2}},"23":{"start":{"line":24,"column":0},"end":{"line":24,"column":0}},"24":{"start":{"line":25,"column":0},"end":{"line":25,"column":24}},"25":{"start":{"line":26,"column":0},"end":{"line":26,"column":10}},"26":{"start":{"line":27,"column":0},"end":{"line":27,"column":73}},"27":{"start":{"line":28,"column":0},"end":{"line":28,"column":29}},"28":{"start":{"line":29,"column":0},"end":{"line":29,"column":37}},"29":{"start":{"line":30,"column":0},"end":{"line":30,"column":55}},"30":{"start":{"line":31,"column":0},"end":{"line":31,"column":4}},"31":{"start":{"line":32,"column":0},"end":{"line":32,"column":0}},"32":{"start":{"line":33,"column":0},"end":{"line":33,"column":12}},"33":{"start":{"line":34,"column":0},"end":{"line":34,"column":80}},"34":{"start":{"line":35,"column":0},"end":{"line":35,"column":87}},"35":{"start":{"line":36,"column":0},"end":{"line":36,"column":0}},"36":{"start":{"line":37,"column":0},"end":{"line":37,"column":11}},"37":{"start":{"line":38,"column":0},"end":{"line":38,"column":77}},"38":{"start":{"line":39,"column":0},"end":{"line":39,"column":77}},"39":{"start":{"line":40,"column":0},"end":{"line":40,"column":2}}},"s":{"0":1,"1":1,"2":1,"3":1,"4":1,"5":1,"6":3,"7":3,"8":3,"9":3,"10":3,"11":3,"12":3,"13":0,"14":0,"15":3,"16":1,"17":1,"18":1,"19":1,"20":1,"21":1,"22":1,"23":1,"24":1,"25":1,"26":1,"27":1,"28":1,"29":1,"30":1,"31":1,"32":1,"33":1,"34":1,"35":1,"36":1,"37":1,"38":1,"39":1},"branchMap":{"0":{"type":"branch","line":6,"loc":{"start":{"line":6,"column":21},"end":{"line":16,"column":2}},"locations":[{"start":{"line":6,"column":21},"end":{"line":16,"column":2}}]},"1":{"type":"branch","line":8,"loc":{"start":{"line":8,"column":76},"end":{"line":8,"column":88}},"locations":[{"start":{"line":8,"column":76},"end":{"line":8,"column":88}}]},"2":{"type":"branch","line":12,"loc":{"start":{"line":12,"column":11},"end":{"line":12,"column":37}},"locations":[{"start":{"line":12,"column":11},"end":{"line":12,"column":37}}]},"3":{"type":"branch","line":12,"loc":{"start":{"line":12,"column":33},"end":{"line":12,"column":42}},"locations":[{"start":{"line":12,"column":33},"end":{"line":12,"column":42}}]},"4":{"type":"branch","line":13,"loc":{"start":{"line":13,"column":2},"end":{"line":15,"column":3}},"locations":[{"start":{"line":13,"column":2},"end":{"line":15,"column":3}}]},"5":{"type":"branch","line":19,"loc":{"start":{"line":19,"column":21},"end":{"line":23,"column":2}},"locations":[{"start":{"line":19,"column":21},"end":{"line":23,"column":2}}]},"6":{"type":"branch","line":27,"loc":{"start":{"line":27,"column":12},"end":{"line":27,"column":73}},"locations":[{"start":{"line":27,"column":12},"end":{"line":27,"column":73}}]},"7":{"type":"branch","line":27,"loc":{"start":{"line":27,"column":65},"end":{"line":27,"column":73}},"locations":[{"start":{"line":27,"column":65},"end":{"line":27,"column":73}}]},"8":{"type":"branch","line":28,"loc":{"start":{"line":28,"column":12},"end":{"line":31,"column":4}},"locations":[{"start":{"line":28,"column":12},"end":{"line":31,"column":4}}]},"9":{"type":"branch","line":38,"loc":{"start":{"line":38,"column":13},"end":{"line":38,"column":77}},"locations":[{"start":{"line":38,"column":13},"end":{"line":38,"column":77}}]}},"b":{"0":[3],"1":[0],"2":[1],"3":[2],"4":[0],"5":[1],"6":[2],"7":[1],"8":[1],"9":[1]},"fnMap":{"0":{"name":"getLocalData","decl":{"start":{"line":6,"column":21},"end":{"line":16,"column":2}},"loc":{"start":{"line":6,"column":21},"end":{"line":16,"column":2}},"line":6},"1":{"name":"setLocalData","decl":{"start":{"line":19,"column":21},"end":{"line":23,"column":2}},"loc":{"start":{"line":19,"column":21},"end":{"line":23,"column":2}},"line":19},"2":{"name":"getUsers","decl":{"start":{"line":27,"column":12},"end":{"line":27,"column":73}},"loc":{"start":{"line":27,"column":12},"end":{"line":27,"column":73}},"line":27},"3":{"name":"saveUser","decl":{"start":{"line":28,"column":12},"end":{"line":31,"column":4}},"loc":{"start":{"line":28,"column":12},"end":{"line":31,"column":4}},"line":28},"4":{"name":"getSession","decl":{"start":{"line":34,"column":14},"end":{"line":34,"column":80}},"loc":{"start":{"line":34,"column":14},"end":{"line":34,"column":80}},"line":34},"5":{"name":"setSession","decl":{"start":{"line":35,"column":14},"end":{"line":35,"column":87}},"loc":{"start":{"line":35,"column":14},"end":{"line":35,"column":87}},"line":35},"6":{"name":"getHabits","decl":{"start":{"line":38,"column":13},"end":{"line":38,"column":77}},"loc":{"start":{"line":38,"column":13},"end":{"line":38,"column":77}},"line":38},"7":{"name":"saveHabits","decl":{"start":{"line":39,"column":14},"end":{"line":39,"column":77}},"loc":{"start":{"line":39,"column":14},"end":{"line":39,"column":77}},"line":39}},"f":{"0":3,"1":1,"2":2,"3":1,"4":0,"5":0,"6":1,"7":0}}
,"C:\\Users\\rayfl\\OneDrive\\Documents\\Software_Development\\Habit_Tracker_App\\src\\lib\\streaks.ts": {"path":"C:\\Users\\rayfl\\OneDrive\\Documents\\Software_Development\\Habit_Tracker_App\\src\\lib\\streaks.ts","all":false,"statementMap":{"0":{"start":{"line":1,"column":0},"end":{"line":1,"column":87}},"1":{"start":{"line":2,"column":0},"end":{"line":2,"column":41}},"2":{"start":{"line":3,"column":0},"end":{"line":3,"column":0}},"3":{"start":{"line":4,"column":0},"end":{"line":4,"column":48}},"4":{"start":{"line":5,"column":0},"end":{"line":5,"column":72}},"5":{"start":{"line":6,"column":0},"end":{"line":6,"column":2}},"6":{"start":{"line":7,"column":0},"end":{"line":7,"column":55}},"7":{"start":{"line":8,"column":0},"end":{"line":8,"column":71}},"8":{"start":{"line":9,"column":0},"end":{"line":9,"column":49}},"9":{"start":{"line":10,"column":0},"end":{"line":10,"column":4}},"10":{"start":{"line":11,"column":0},"end":{"line":11,"column":0}},"11":{"start":{"line":12,"column":0},"end":{"line":12,"column":64}},"12":{"start":{"line":13,"column":0},"end":{"line":13,"column":54}},"13":{"start":{"line":14,"column":0},"end":{"line":14,"column":0}},"14":{"start":{"line":15,"column":0},"end":{"line":15,"column":17}},"15":{"start":{"line":16,"column":0},"end":{"line":16,"column":44}},"16":{"start":{"line":17,"column":0},"end":{"line":17,"column":0}},"17":{"start":{"line":18,"column":0},"end":{"line":18,"column":43}},"18":{"start":{"line":19,"column":0},"end":{"line":19,"column":39}},"19":{"start":{"line":20,"column":0},"end":{"line":20,"column":45}},"20":{"start":{"line":21,"column":0},"end":{"line":21,"column":4}},"21":{"start":{"line":22,"column":0},"end":{"line":22,"column":68}},"22":{"start":{"line":23,"column":0},"end":{"line":23,"column":61}},"23":{"start":{"line":24,"column":0},"end":{"line":24,"column":15}},"24":{"start":{"line":25,"column":0},"end":{"line":25,"column":53}},"25":{"start":{"line":26,"column":0},"end":{"line":26,"column":53}},"26":{"start":{"line":27,"column":0},"end":{"line":27,"column":66}},"27":{"start":{"line":28,"column":0},"end":{"line":28,"column":39}},"28":{"start":{"line":29,"column":0},"end":{"line":29,"column":12}},"29":{"start":{"line":30,"column":0},"end":{"line":30,"column":5}},"30":{"start":{"line":31,"column":0},"end":{"line":31,"column":3}},"31":{"start":{"line":32,"column":0},"end":{"line":32,"column":0}},"32":{"start":{"line":33,"column":0},"end":{"line":33,"column":16}},"33":{"start":{"line":34,"column":0},"end":{"line":34,"column":1}}},"s":{"0":1,"1":5,"2":4,"3":4,"4":5,"5":5,"6":5,"7":5,"8":4,"9":5,"10":5,"11":5,"12":5,"13":3,"14":3,"15":3,"16":3,"17":3,"18":5,"19":7,"20":7,"21":7,"22":7,"23":6,"24":6,"25":6,"26":7,"27":1,"28":1,"29":1,"30":7,"31":3,"32":3,"33":3},"branchMap":{"0":{"type":"branch","line":1,"loc":{"start":{"line":1,"column":7},"end":{"line":34,"column":1}},"locations":[{"start":{"line":1,"column":7},"end":{"line":34,"column":1}}]},"1":{"type":"branch","line":2,"loc":{"start":{"line":2,"column":32},"end":{"line":2,"column":41}},"locations":[{"start":{"line":2,"column":32},"end":{"line":2,"column":41}}]},"2":{"type":"branch","line":2,"loc":{"start":{"line":2,"column":39},"end":{"line":5,"column":33}},"locations":[{"start":{"line":2,"column":39},"end":{"line":5,"column":33}}]},"3":{"type":"branch","line":5,"loc":{"start":{"line":5,"column":24},"end":{"line":5,"column":72}},"locations":[{"start":{"line":5,"column":24},"end":{"line":5,"column":72}}]},"4":{"type":"branch","line":13,"loc":{"start":{"line":13,"column":45},"end":{"line":13,"column":54}},"locations":[{"start":{"line":13,"column":45},"end":{"line":13,"column":54}}]},"5":{"type":"branch","line":13,"loc":{"start":{"line":13,"column":52},"end":{"line":19,"column":38}},"locations":[{"start":{"line":13,"column":52},"end":{"line":19,"column":38}}]},"6":{"type":"branch","line":19,"loc":{"start":{"line":19,"column":38},"end":{"line":31,"column":3}},"locations":[{"start":{"line":19,"column":38},"end":{"line":31,"column":3}}]},"7":{"type":"branch","line":23,"loc":{"start":{"line":23,"column":60},"end":{"line":27,"column":15}},"locations":[{"start":{"line":23,"column":60},"end":{"line":27,"column":15}}]},"8":{"type":"branch","line":27,"loc":{"start":{"line":27,"column":4},"end":{"line":30,"column":5}},"locations":[{"start":{"line":27,"column":4},"end":{"line":30,"column":5}}]},"9":{"type":"branch","line":31,"loc":{"start":{"line":31,"column":2},"end":{"line":34,"column":1}},"locations":[{"start":{"line":31,"column":2},"end":{"line":34,"column":1}}]},"10":{"type":"branch","line":8,"loc":{"start":{"line":8,"column":61},"end":{"line":9,"column":49}},"locations":[{"start":{"line":8,"column":61},"end":{"line":9,"column":49}}]}},"b":{"0":[5],"1":[1],"2":[4],"3":[0],"4":[1],"5":[3],"6":[7],"7":[6],"8":[1],"9":[3],"10":[4]},"fnMap":{"0":{"name":"calculateCurrentStreak","decl":{"start":{"line":1,"column":7},"end":{"line":34,"column":1}},"loc":{"start":{"line":1,"column":7},"end":{"line":34,"column":1}},"line":1}},"f":{"0":5}}
,"C:\\Users\\rayfl\\OneDrive\\Documents\\Software_Development\\Habit_Tracker_App\\src\\lib\\validators.ts": {"path":"C:\\Users\\rayfl\\OneDrive\\Documents\\Software_Development\\Habit_Tracker_App\\src\\lib\\validators.ts","all":false,"statementMap":{"0":{"start":{"line":1,"column":0},"end":{"line":1,"column":50}},"1":{"start":{"line":2,"column":0},"end":{"line":2,"column":17}},"2":{"start":{"line":3,"column":0},"end":{"line":3,"column":16}},"3":{"start":{"line":4,"column":0},"end":{"line":4,"column":23}},"4":{"start":{"line":5,"column":0},"end":{"line":5,"column":3}},"5":{"start":{"line":6,"column":0},"end":{"line":6,"column":35}},"6":{"start":{"line":7,"column":0},"end":{"line":7,"column":0}},"7":{"start":{"line":8,"column":0},"end":{"line":8,"column":22}},"8":{"start":{"line":9,"column":0},"end":{"line":9,"column":12}},"9":{"start":{"line":10,"column":0},"end":{"line":10,"column":19}},"10":{"start":{"line":11,"column":0},"end":{"line":11,"column":26}},"11":{"start":{"line":12,"column":0},"end":{"line":12,"column":38}},"12":{"start":{"line":13,"column":0},"end":{"line":13,"column":6}},"13":{"start":{"line":14,"column":0},"end":{"line":14,"column":3}},"14":{"start":{"line":15,"column":0},"end":{"line":15,"column":0}},"15":{"start":{"line":16,"column":0},"end":{"line":16,"column":33}},"16":{"start":{"line":17,"column":0},"end":{"line":17,"column":12}},"17":{"start":{"line":18,"column":0},"end":{"line":18,"column":19}},"18":{"start":{"line":19,"column":0},"end":{"line":19,"column":26}},"19":{"start":{"line":20,"column":0},"end":{"line":20,"column":57}},"20":{"start":{"line":21,"column":0},"end":{"line":21,"column":6}},"21":{"start":{"line":22,"column":0},"end":{"line":22,"column":3}},"22":{"start":{"line":23,"column":0},"end":{"line":23,"column":0}},"23":{"start":{"line":24,"column":0},"end":{"line":24,"column":10}},"24":{"start":{"line":25,"column":0},"end":{"line":25,"column":16}},"25":{"start":{"line":26,"column":0},"end":{"line":26,"column":24}},"26":{"start":{"line":27,"column":0},"end":{"line":27,"column":16}},"27":{"start":{"line":28,"column":0},"end":{"line":28,"column":4}},"28":{"start":{"line":29,"column":0},"end":{"line":29,"column":1}}},"s":{"0":1,"1":3,"2":3,"3":3,"4":3,"5":3,"6":3,"7":3,"8":1,"9":1,"10":1,"11":1,"12":1,"13":1,"14":2,"15":3,"16":1,"17":1,"18":1,"19":1,"20":1,"21":1,"22":1,"23":1,"24":1,"25":1,"26":1,"27":1,"28":1},"branchMap":{"0":{"type":"branch","line":1,"loc":{"start":{"line":1,"column":7},"end":{"line":29,"column":1}},"locations":[{"start":{"line":1,"column":7},"end":{"line":29,"column":1}}]},"1":{"type":"branch","line":8,"loc":{"start":{"line":8,"column":21},"end":{"line":14,"column":3}},"locations":[{"start":{"line":8,"column":21},"end":{"line":14,"column":3}}]},"2":{"type":"branch","line":14,"loc":{"start":{"line":14,"column":2},"end":{"line":16,"column":32}},"locations":[{"start":{"line":14,"column":2},"end":{"line":16,"column":32}}]},"3":{"type":"branch","line":16,"loc":{"start":{"line":16,"column":32},"end":{"line":29,"column":1}},"locations":[{"start":{"line":16,"column":32},"end":{"line":29,"column":1}}]}},"b":{"0":[3],"1":[1],"2":[2],"3":[1]},"fnMap":{"0":{"name":"validateHabitName","decl":{"start":{"line":1,"column":7},"end":{"line":29,"column":1}},"loc":{"start":{"line":1,"column":7},"end":{"line":29,"column":1}},"line":1}},"f":{"0":3}}
,"C:\\Users\\rayfl\\OneDrive\\Documents\\Software_Development\\Habit_Tracker_App\\src\\tests\\setup.ts": {"path":"C:\\Users\\rayfl\\OneDrive\\Documents\\Software_Development\\Habit_Tracker_App\\src\\tests\\setup.ts","all":true,"statementMap":{"0":{"start":{"line":1,"column":0},"end":{"line":1,"column":35}}},"s":{"0":0},"branchMap":{"0":{"type":"branch","line":1,"loc":{"start":{"line":1,"column":0},"end":{"line":1,"column":7}},"locations":[{"start":{"line":1,"column":0},"end":{"line":1,"column":7}}]}},"b":{"0":[0]},"fnMap":{"0":{"name":"(empty-report)","decl":{"start":{"line":1,"column":0},"end":{"line":1,"column":7}},"loc":{"start":{"line":1,"column":0},"end":{"line":1,"column":7}},"line":1}},"f":{"0":0}}
}
